<?xml version="1.0" encoding="UTF-8"?>
<!-- Generated by org.testng.reporters.JUnitReportReporter -->
<testsuite skipped="11" hostname="Mustafizur-Rahman" name="com.RDCD_Coop.Create_Central_Shomiti" tests="16" failures="0" timestamp="2022-09-15T16:35:22 BDT" time="195.520" errors="0">
  <testcase name="Login" time="15.831" classname="com.RDCD_Coop.Create_Central_Shomiti"/>
  <system-out/>
  <testcase name="NameClearance" time="2.355" classname="com.RDCD_Coop.Create_Central_Shomiti">
    <skipped/>
  </testcase> <!-- NameClearance -->
  <system-out/>
  <testcase name="NameClearance" time="39.187" classname="com.RDCD_Coop.Create_Central_Shomiti"/>
  <system-out/>
  <testcase name="NameClearance" time="2.811" classname="com.RDCD_Coop.Create_Central_Shomiti">
    <skipped/>
  </testcase> <!-- NameClearance -->
  <system-out/>
  <testcase name="NameClearance_Approve" time="54.824" classname="com.RDCD_Coop.Create_Central_Shomiti"/>
  <system-out/>
  <testcase name="PrathomikTottho" time="68.222" classname="com.RDCD_Coop.Create_Central_Shomiti"/>
  <system-out/>
  <testcase name="Lokkho_Uddessho" time="12.290" classname="com.RDCD_Coop.Create_Central_Shomiti"/>
  <system-out/>
  <testcase name="SSO_Login" classname="com.RDCD_Coop.Create_Central_Shomiti">
    <skipped/>
  </testcase> <!-- SSO_Login -->
  <system-out/>
  <testcase name="Shomiti_Approval" classname="com.RDCD_Coop.Create_Central_Shomiti">
    <skipped/>
  </testcase> <!-- Shomiti_Approval -->
  <system-out/>
  <testcase name="Sodossho_Nibondhon" classname="com.RDCD_Coop.Create_Central_Shomiti">
    <skipped/>
  </testcase> <!-- Sodossho_Nibondhon -->
  <system-out/>
  <testcase name="Shomiti_Budget" classname="com.RDCD_Coop.Create_Central_Shomiti">
    <skipped/>
  </testcase> <!-- Shomiti_Budget -->
  <system-out/>
  <testcase name="Committee_Bebosthapona" classname="com.RDCD_Coop.Create_Central_Shomiti">
    <skipped/>
  </testcase> <!-- Committee_Bebosthapona -->
  <system-out/>
  <testcase name="Churanto_Data_Somuho" classname="com.RDCD_Coop.Create_Central_Shomiti">
    <skipped/>
  </testcase> <!-- Churanto_Data_Somuho -->
  <system-out/>
  <testcase name="Shomitir_Aay_Beey" classname="com.RDCD_Coop.Create_Central_Shomiti">
    <skipped/>
  </testcase> <!-- Shomitir_Aay_Beey -->
  <system-out/>
  <testcase name="Kagoj_Potradi" classname="com.RDCD_Coop.Create_Central_Shomiti">
    <skipped/>
  </testcase> <!-- Kagoj_Potradi -->
  <system-out/>
  <testcase name="Arthik_Totthadi" classname="com.RDCD_Coop.Create_Central_Shomiti">
    <skipped/>
  </testcase> <!-- Arthik_Totthadi -->
  <system-out/>
</testsuite> <!-- com.RDCD_Coop.Create_Central_Shomiti -->
