<?xml version="1.0" encoding="UTF-8"?>
<!-- Generated by org.testng.reporters.JUnitReportReporter -->
<testsuite skipped="0" hostname="Mustafizur-Rahman" name="com.RDCD_Coop.Create_Shomiti" tests="18" failures="0" timestamp="2022-09-02T20:20:55 BDT" time="1702.214" errors="0">
  <testcase name="Login" time="12.831" classname="com.RDCD_Coop.Create_Shomiti"/>
  <system-out/>
  <testcase name="NameClearance" time="27.100" classname="com.RDCD_Coop.Create_Shomiti"/>
  <system-out/>
  <testcase name="NameClearance_Approve" time="44.703" classname="com.RDCD_Coop.Create_Shomiti"/>
  <system-out/>
  <testcase name="PrathomikTottho" time="65.273" classname="com.RDCD_Coop.Create_Shomiti"/>
  <system-out/>
  <testcase name="Lokkho_Uddessho" time="12.322" classname="com.RDCD_Coop.Create_Shomiti"/>
  <system-out/>
  <testcase name="Sodossho_Nibondhon" time="52.166" classname="com.RDCD_Coop.Create_Shomiti"/>
  <system-out/>
  <testcase name="Sodossho_Nibondhon" time="52.101" classname="com.RDCD_Coop.Create_Shomiti"/>
  <system-out/>
  <testcase name="Sodossho_Nibondhon" time="53.400" classname="com.RDCD_Coop.Create_Shomiti"/>
  <system-out/>
  <testcase name="Sodossho_Nibondhon" time="56.114" classname="com.RDCD_Coop.Create_Shomiti"/>
  <system-out/>
  <testcase name="Sodossho_Nibondhon" time="52.237" classname="com.RDCD_Coop.Create_Shomiti"/>
  <system-out/>
  <testcase name="Sodossho_Nibondhon" time="51.813" classname="com.RDCD_Coop.Create_Shomiti"/>
  <system-out/>
  <testcase name="Committee_Bebosthapona" time="48.716" classname="com.RDCD_Coop.Create_Shomiti"/>
  <system-out/>
  <testcase name="Arthik_Totthadi" time="25.707" classname="com.RDCD_Coop.Create_Shomiti"/>
  <system-out/>
  <testcase name="Shomiti_Budget" time="93.360" classname="com.RDCD_Coop.Create_Shomiti"/>
  <system-out/>
  <testcase name="Shomitir_Aay_Beey" time="36.003" classname="com.RDCD_Coop.Create_Shomiti"/>
  <system-out/>
  <testcase name="Kagoj_Potradi" time="29.962" classname="com.RDCD_Coop.Create_Shomiti"/>
  <system-out/>
  <testcase name="Churanto_Data_Somuho" time="21.497" classname="com.RDCD_Coop.Create_Shomiti"/>
  <system-out/>
  <testcase name="Shomiti_Approval" time="966.909" classname="com.RDCD_Coop.Create_Shomiti"/>
  <system-out/>
</testsuite> <!-- com.RDCD_Coop.Create_Shomiti -->
