<?xml version="1.0" encoding="UTF-8"?>
<!-- Generated by org.testng.reporters.JUnitReportReporter -->
<testsuite skipped="5" hostname="DESKTOP-7IO8K5N" name="com.RDCD_Coop.Create_Shomiti" tests="8" failures="0" timestamp="2022-08-30T10:55:59 BDT" time="126.053" errors="0">
  <testcase name="Login" time="12.809" classname="com.RDCD_Coop.Create_Shomiti"/>
  <system-out/>
  <testcase name="Sodossho_Nibondhon" time="55.360" classname="com.RDCD_Coop.Create_Shomiti"/>
  <system-out/>
  <testcase name="Sodossho_Nibondhon" time="57.884" classname="com.RDCD_Coop.Create_Shomiti"/>
  <system-out/>
  <testcase name="NameClearance_Approve" classname="com.RDCD_Coop.Create_Shomiti">
    <skipped/>
  </testcase> <!-- NameClearance_Approve -->
  <system-out/>
  <testcase name="NameClearance" classname="com.RDCD_Coop.Create_Shomiti">
    <skipped/>
  </testcase> <!-- NameClearance -->
  <system-out/>
  <testcase name="CancelNameClearance" classname="com.RDCD_Coop.Create_Shomiti">
    <skipped/>
  </testcase> <!-- CancelNameClearance -->
  <system-out/>
  <testcase name="PrathomikTottho" classname="com.RDCD_Coop.Create_Shomiti">
    <skipped/>
  </testcase> <!-- PrathomikTottho -->
  <system-out/>
  <testcase name="Lokkho_Uddessho" classname="com.RDCD_Coop.Create_Shomiti">
    <skipped/>
  </testcase> <!-- Lokkho_Uddessho -->
  <system-out/>
</testsuite> <!-- com.RDCD_Coop.Create_Shomiti -->
