<?xml version="1.0" encoding="UTF-8"?>
<!-- Generated by org.testng.reporters.JUnitReportReporter -->
<testsuite skipped="1" hostname="Mustafizur-Rahman" name="com.RDCD_Coop.Create_Primary_Shomiti" tests="19" failures="0" timestamp="2022-09-04T13:32:32 BDT" time="835.900" errors="0">
  <testcase name="Login" time="13.692" classname="com.RDCD_Coop.Create_Primary_Shomiti"/>
  <system-out/>
  <testcase name="NameClearance" time="31.315" classname="com.RDCD_Coop.Create_Primary_Shomiti"/>
  <system-out/>
  <testcase name="NameClearance_Approve" time="45.502" classname="com.RDCD_Coop.Create_Primary_Shomiti"/>
  <system-out/>
  <testcase name="PrathomikTottho" time="71.006" classname="com.RDCD_Coop.Create_Primary_Shomiti"/>
  <system-out/>
  <testcase name="Lokkho_Uddessho" time="12.378" classname="com.RDCD_Coop.Create_Primary_Shomiti"/>
  <system-out/>
  <testcase name="Sodossho_Nibondhon" time="54.135" classname="com.RDCD_Coop.Create_Primary_Shomiti"/>
  <system-out/>
  <testcase name="Sodossho_Nibondhon" time="56.536" classname="com.RDCD_Coop.Create_Primary_Shomiti"/>
  <system-out/>
  <testcase name="Sodossho_Nibondhon" time="52.216" classname="com.RDCD_Coop.Create_Primary_Shomiti"/>
  <system-out/>
  <testcase name="Sodossho_Nibondhon" time="52.609" classname="com.RDCD_Coop.Create_Primary_Shomiti"/>
  <system-out/>
  <testcase name="Sodossho_Nibondhon" time="52.113" classname="com.RDCD_Coop.Create_Primary_Shomiti"/>
  <system-out/>
  <testcase name="Sodossho_Nibondhon" time="52.668" classname="com.RDCD_Coop.Create_Primary_Shomiti"/>
  <system-out/>
  <testcase name="Committee_Bebosthapona" time="48.640" classname="com.RDCD_Coop.Create_Primary_Shomiti"/>
  <system-out/>
  <testcase name="Arthik_Totthadi" time="25.749" classname="com.RDCD_Coop.Create_Primary_Shomiti"/>
  <system-out/>
  <testcase name="Shomiti_Budget" time="93.587" classname="com.RDCD_Coop.Create_Primary_Shomiti"/>
  <system-out/>
  <testcase name="Shomitir_Aay_Beey" time="36.170" classname="com.RDCD_Coop.Create_Primary_Shomiti"/>
  <system-out/>
  <testcase name="Kagoj_Potradi" time="29.586" classname="com.RDCD_Coop.Create_Primary_Shomiti"/>
  <system-out/>
  <testcase name="Churanto_Data_Somuho" time="36.139" classname="com.RDCD_Coop.Create_Primary_Shomiti"/>
  <system-out/>
  <testcase name="Shomiti_Approval" time="71.859" classname="com.RDCD_Coop.Create_Primary_Shomiti"/>
  <system-out/>
  <testcase name="SSO_Login" classname="com.RDCD_Coop.Create_Primary_Shomiti">
    <skipped/>
  </testcase> <!-- SSO_Login -->
  <system-out/>
</testsuite> <!-- com.RDCD_Coop.Create_Primary_Shomiti -->
