<?xml version="1.0" encoding="UTF-8"?>
<!-- Generated by org.testng.reporters.JUnitReportReporter -->
<testsuite skipped="11" hostname="DESKTOP-7IO8K5N" name="com.RDCD_Coop.Create_Shomiti" tests="13" failures="0" timestamp="2022-09-01T17:05:54 BDT" time="42.251" errors="0">
  <testcase name="Login" time="12.791" classname="com.RDCD_Coop.Create_Shomiti"/>
  <system-out/>
  <testcase name="Churanto_Data_Somuho" time="29.460" classname="com.RDCD_Coop.Create_Shomiti"/>
  <system-out/>
  <testcase name="Sodossho_Nibondhon" classname="com.RDCD_Coop.Create_Shomiti">
    <skipped/>
  </testcase> <!-- Sodossho_Nibondhon -->
  <system-out/>
  <testcase name="NameClearance" classname="com.RDCD_Coop.Create_Shomiti">
    <skipped/>
  </testcase> <!-- NameClearance -->
  <system-out/>
  <testcase name="Arthik_Totthadi" classname="com.RDCD_Coop.Create_Shomiti">
    <skipped/>
  </testcase> <!-- Arthik_Totthadi -->
  <system-out/>
  <testcase name="Lokkho_Uddessho" classname="com.RDCD_Coop.Create_Shomiti">
    <skipped/>
  </testcase> <!-- Lokkho_Uddessho -->
  <system-out/>
  <testcase name="PrathomikTottho" classname="com.RDCD_Coop.Create_Shomiti">
    <skipped/>
  </testcase> <!-- PrathomikTottho -->
  <system-out/>
  <testcase name="Committee_Bebosthapona" classname="com.RDCD_Coop.Create_Shomiti">
    <skipped/>
  </testcase> <!-- Committee_Bebosthapona -->
  <system-out/>
  <testcase name="NameClearance_Approve" classname="com.RDCD_Coop.Create_Shomiti">
    <skipped/>
  </testcase> <!-- NameClearance_Approve -->
  <system-out/>
  <testcase name="Shomiti_Budget" classname="com.RDCD_Coop.Create_Shomiti">
    <skipped/>
  </testcase> <!-- Shomiti_Budget -->
  <system-out/>
  <testcase name="CancelNameClearance" classname="com.RDCD_Coop.Create_Shomiti">
    <skipped/>
  </testcase> <!-- CancelNameClearance -->
  <system-out/>
  <testcase name="Shomitir_Aay_Beey" classname="com.RDCD_Coop.Create_Shomiti">
    <skipped/>
  </testcase> <!-- Shomitir_Aay_Beey -->
  <system-out/>
  <testcase name="Kagoj_Potradi" classname="com.RDCD_Coop.Create_Shomiti">
    <skipped/>
  </testcase> <!-- Kagoj_Potradi -->
  <system-out/>
</testsuite> <!-- com.RDCD_Coop.Create_Shomiti -->
