<?xml version="1.0" encoding="UTF-8"?>
<!-- Generated by org.testng.reporters.JUnitReportReporter -->
<testsuite skipped="0" hostname="Mustafizur-Rahman" name="com.RDCD_Coop.Approved_Shomiti_Activities" tests="6" failures="0" timestamp="2022-09-04T13:32:32 BDT" time="501.094" errors="0">
  <testcase name="Shomiti_AuthorizePersonSelect" time="34.600" classname="com.RDCD_Coop.Approved_Shomiti_Activities"/>
  <system-out/>
  <testcase name="Update_Member_Info" time="84.548" classname="com.RDCD_Coop.Approved_Shomiti_Activities"/>
  <system-out/>
  <testcase name="Update_Approval" time="44.762" classname="com.RDCD_Coop.Approved_Shomiti_Activities"/>
  <system-out/>
  <testcase name="Apply_for_the_formation_of_the_Committee" time="109.876" classname="com.RDCD_Coop.Approved_Shomiti_Activities"/>
  <system-out/>
  <testcase name="Committee_Approval" time="29.705" classname="com.RDCD_Coop.Approved_Shomiti_Activities"/>
  <system-out/>
  <testcase name="Website_Setup" time="197.603" classname="com.RDCD_Coop.Approved_Shomiti_Activities"/>
  <system-out/>
</testsuite> <!-- com.RDCD_Coop.Approved_Shomiti_Activities -->
